<?xml version="1.0" encoding="UTF-8"?>
<testng-results skipped="0" failed="0" ignored="0" total="3" passed="3">
  <reporter-output>
  </reporter-output>
  <suite name="Suite" duration-ms="20804" started-at="2019-12-18T07:13:29Z" finished-at="2019-12-18T07:13:50Z">
    <groups>
    </groups>
    <test name="Test" duration-ms="20804" started-at="2019-12-18T07:13:29Z" finished-at="2019-12-18T07:13:50Z">
      <class name="checking.fblogin">
        <test-method status="PASS" signature="launch()[pri:1, instance:checking.fblogin@59fa1d9b]" name="launch" duration-ms="14717" started-at="2019-12-18T12:43:29Z" finished-at="2019-12-18T12:43:44Z">
          <reporter-output>
          </reporter-output>
        </test-method> <!-- launch -->
        <test-method status="PASS" signature="browser()[pri:2, instance:checking.fblogin@59fa1d9b]" name="browser" duration-ms="5783" started-at="2019-12-18T12:43:44Z" finished-at="2019-12-18T12:43:50Z">
          <reporter-output>
          </reporter-output>
        </test-method> <!-- browser -->
        <test-method status="PASS" signature="close()[pri:3, instance:checking.fblogin@59fa1d9b]" name="close" duration-ms="276" started-at="2019-12-18T12:43:50Z" finished-at="2019-12-18T12:43:50Z">
          <reporter-output>
          </reporter-output>
        </test-method> <!-- close -->
      </class> <!-- checking.fblogin -->
    </test> <!-- Test -->
  </suite> <!-- Suite -->
</testng-results>
